<component name="ArtifactManager">
  <artifact type="jar" name="JUnitTesting:jar">
    <output-path>$PROJECT_DIR$/out/artifacts/JUnitTesting_jar</output-path>
    <root id="archive" name="JUnitTesting.jar">
      <element id="module-output" name="JUnitTesting" />
      <element id="module-test-output" name="JUnitTesting" />
      <element id="extracted-dir" path="$PROJECT_DIR$/lib/junit4-runner-5.0.0-ALPHA.jar" path-in-jar="/" />
      <element id="extracted-dir" path="$PROJECT_DIR$/lib/junit-4.12.jar" path-in-jar="/" />
      <element id="extracted-dir" path="$PROJECT_DIR$/lib/hamcrest-core-1.3.jar" path-in-jar="/" />
      <element id="extracted-dir" path="$PROJECT_DIR$/lib/junit-launcher-5.0.0-ALPHA.jar" path-in-jar="/" />
      <element id="extracted-dir" path="$PROJECT_DIR$/lib/junit-engine-api-5.0.0-ALPHA.jar" path-in-jar="/" />
      <element id="extracted-dir" path="$PROJECT_DIR$/lib/junit-commons-5.0.0-ALPHA.jar" path-in-jar="/" />
      <element id="extracted-dir" path="$PROJECT_DIR$/lib/opentest4j-1.0.0-ALPHA.jar" path-in-jar="/" />
    </root>
  </artifact>
</component>